<?xml version="1.0" encoding="UTF-8"?>
<!-- Generated by org.testng.reporters.JUnitReportReporter -->
<testsuite hostname="DESKTOP-3M1GHR1" failures="0" tests="1" name="TestLayer.RegisterPageTest" time="52.532" errors="0" timestamp="2023-12-27T21:10:13 IST" skipped="0">
  <testcase classname="TestLayer.RegisterPageTest" name="registerPageTest" time="52.532"/>
  <system-out/>
</testsuite> <!-- TestLayer.RegisterPageTest -->
