<?xml version="1.0" encoding="UTF-8"?>
<!-- Generated by org.testng.reporters.JUnitReportReporter -->
<testsuite hostname="DESKTOP-3M1GHR1" failures="0" tests="1" name="TestLayer.RegisterPageTest" time="48.115" errors="0" timestamp="2024-01-22T21:17:51 IST" skipped="0">
  <testcase classname="TestLayer.RegisterPageTest" name="registerPageTest" time="48.115"/>
  <system-out/>
</testsuite> <!-- TestLayer.RegisterPageTest -->
